<?xml version="1.0" encoding="UTF-8"?>
<testsuite name="EnterpriseTest" tests="3" skipped="0" failures="0" errors="0" timestamp="2023-06-14T15:19:52" hostname="DESKTOP-44NF5ED" time="0.034">
  <properties/>
  <testcase name="testCalculateTotalSalaries()" classname="EnterpriseTest" time="0.027"/>
  <testcase name="testAddEmployee()" classname="EnterpriseTest" time="0.001"/>
  <testcase name="testRemoveEmployeee()" classname="EnterpriseTest" time="0.001"/>
  <system-out><![CDATA[]]></system-out>
  <system-err><![CDATA[]]></system-err>
</testsuite>
