<?xml version="1.0" encoding="UTF-8"?>
<testsuite name="EmployeeTest" tests="1" skipped="0" failures="0" errors="0" timestamp="2023-06-15T15:10:16" hostname="EMDNEVES" time="0.026">
  <properties/>
  <testcase name="testCalculateSalary()" classname="EmployeeTest" time="0.026"/>
  <system-out><![CDATA[]]></system-out>
  <system-err><![CDATA[]]></system-err>
</testsuite>
