<?xml version="1.0" encoding="UTF-8"?>
<testsuite name="TarefasTest" tests="5" skipped="0" failures="0" errors="0" timestamp="2023-06-15T16:18:04" hostname="EMDNEVES" time="0.036">
  <properties/>
  <testcase name="testDiaAdicionarTarefa()" classname="TarefasTest" time="0.028"/>
  <testcase name="testAnoGetMeses()" classname="TarefasTest" time="0.002"/>
  <testcase name="testDiaGetDia()" classname="TarefasTest" time="0.0"/>
  <testcase name="testMesGetNome()" classname="TarefasTest" time="0.002"/>
  <testcase name="testAnoGetAno()" classname="TarefasTest" time="0.001"/>
  <system-out><![CDATA[]]></system-out>
  <system-err><![CDATA[]]></system-err>
</testsuite>
