<?xml version="1.0" encoding="UTF-8"?>
<testsuite name="StringUtilsTest" tests="1" skipped="0" failures="0" errors="0" timestamp="2023-06-07T15:23:35" hostname="DESKTOP-44NF5ED" time="0.032">
  <properties/>
  <testcase name="testIsPalindrome()" classname="StringUtilsTest" time="0.032"/>
  <system-out><![CDATA[]]></system-out>
  <system-err><![CDATA[]]></system-err>
</testsuite>
