<?xml version="1.0" encoding="UTF-8"?>
<testsuite name="FuncionarioTest" tests="3" skipped="0" failures="0" errors="0" timestamp="2023-06-12T11:35:13" hostname="DESKTOP-44NF5ED" time="0.034">
  <properties/>
  <testcase name="aumentarSalario0Test()" classname="FuncionarioTest" time="0.029"/>
  <testcase name="aumentarSalarioTest()" classname="FuncionarioTest" time="0.001"/>
  <testcase name="aumentarSalarioNegativoTest()" classname="FuncionarioTest" time="0.002"/>
  <system-out><![CDATA[]]></system-out>
  <system-err><![CDATA[]]></system-err>
</testsuite>
